[    0.000000] Initializig cgroup susys cpuse
    0.000000] Initializing cgroup subsys cpu
[    0.0000] Initializingcgoup subsys cpuacct
[    0.00000 Linux vesin 4.4.0-139-generic buld@lcy01-amd64-06) (gc version 5.4.0 20160609 (Ubuntu5.4.-6ubntu116.04.10) ) 16-Ubutu SP Wed Oct 24 10:5:50 UT 2018 Ubntu 4.4.0-139.165-geeric 4.4.160)[    0.00000 Command line: BOOT_IMAGE=/boot/vmlinuz-4.4.0139-gneicroot=LABEL=clouimg-ootfs ro consoe=ty1 console=ttyS0
[   0.000000] KERNEL supported cpus:
[    0.000000]   Intel GenuineIntel
[    0.000000]   AMD AuthenticAMD
[    0.000000]   Centaur CentaurHauls
[    0.000000] x86/fpu: xstate_offset[2]:  576, xstate_sizes[2]:  256
[    0.000000] x86/fpu: Supporting XSAVE feature 0x01: 'x87 floating point registers'
[    0.000000] x86/fpu: Supporting XSAVE feature 0x02: 'SSE registers'
[    0.000000] x86/fpu: Supporting XSAVE feature 0x04: 'AVX registers'
[    0.000000] x86/fpu: Enabled xstate features 0x7, context size is 832 bytes, using 'standard' format.
[    0.000000] e820: BIOS-provided physical RAM map:
[    0.000000] BIOS-e820: [mem 0x00000000000000000x000000000009fbff] usable
[    0.000000] BIOS-e820: [mem 0x000000000009fc00-0x000000000009ffff] reserved
[    0.000000] BIOS-e820: [mem 0x00000000000f0000-0x00000000000fffff] reserved
[    0.000000] BIOS-e820: [mem 0x0000000000100000-0x000000003ffeffff] usable
[    0.000000] BIOS-e820: [mem 0x000000003fff0000-0x000000003fffffff] ACPI data
[    0.000000] BIOS-e820: [mem 0x00000000fec00000-0x00000000fec00fff] reserved
[    0.000000] BIOS-e820: [mem 0x00000000fee00000-0x00000000fee00fff] reserved
[    0.000000] BIOS-e820: [mem 0x00000000fffc0000-0x00000000ffffffff] reserved
[    .000000] NX (ExcuteDisable) proection: active
[    0.000000 SMBIS .5present.
[   0.00000] Hyerisr detected: KVM
[   0.000000] e82: as_pfn = 0x3fff0 max_arch_pn = 0x000000
[    0.00000] MRR Disabled
[   0.000000] x6/PA: MTRs disbled, skiping AT initializatio to.
    0.000000] CPU MTRRs all blank - virtualized ysem.
[   0.000000] x86/PT:: Coniguraion 0-]: W  WT  UC- UC  WB  WT  UC- UC  [   0.000000]foun SP MP-table a [mem 0x0009ff0-0x0009ffff] mapped at ffff88000009fff0]
[    0.00000 Scaning 1 areas for low memor corruption
[    0.00000] RADISK: [mem 03630000-0x717cfff]
[    0.00000]ACPI Early table checksum verifiction dsabld
[   0.000000] ACPI:RSDP 0x00000000000E0000 00004 (v02 VBOX  )
[   0.00000]ACPI: XSDT 0x000000003FF0030 0003 (01 VBOX   VBOXXSDT 000000 ASL  0000061)
[   0.000000] ACPI: FACP 0x000000003FFF00F0 0000F4 (v04 VBOX   VBOXFACP 00000001 ASL  00000061)
[    0.000000] ACPI: DSDT 0x000000003FFF0470 0021FF (v02 VBOX   VBOXBIOS 00000002 INTL 20100528)
[    0.000000] ACPI: FACS 0x000000003FFF0200 000040
[    0.000000] ACPI: FACS 0x000000003FFF0200 000040
[    0.000000] ACPI: APIC 0x000000003FFF0240 00005C (v02 VBOX   VBOXAPIC 00000001 ASL  00000061)
[    0.000000] ACPI: SSDT 0x000000003FFF02A0 0001CC (v01 VBOX   VBOXCPUT 00000002 INTL 20100528)
[    0.000000] No NUMA configuration found
[    0.000000] Faking a node at [mem 0x0000000000000000-0x000000003ffeffff]
[    0.000000] NODE_DATA(0) allocated [mem 0x3ffeb000-0x3ffeffff]
[    0.000000] kvm-clock: Using msrs 4b564d01 and 4b564d00
[    0.000000] kvm-clock: cpu 0, msr 0:3ffe3001, primary cpu clock
[    0.000000] kvm-clock: using sched offset of 3840717075 cycles
[    0.000000] clocksource: kvm-clock: mask: 0xffffffffffffffffmax_cycles: 0x1cd42e4dffb, max_idle_ns: 881590591483 ns
[    0.000000] Zone ranges:
[    0.000000]   DMA      [mem 0x0000000000001000-0x0000000000ffffff]
[    0.000000]   DMA32    [mem 0x0000000001000000-0x000000003ffeffff]
[    0.000000]   Normal   empty
[    0.000000]   Device   empty
[    0.000000] Movable zone start for each node
[    0.000000] Early memory node ranges
[    0.000000]   node   0: [mem 0x00000000000001000-0x000000000009efff]
[    0.000000]   node   0: [mem 0x0000000000100000-0x000000003ffeffff]
[    0.00000 Initmm seup node 0 [mem 0x000000000001000-x00000000ffeffff]
[    0.000000] CPI: PM-TimerIO Prt: 0x4008
[   0.00000] IOAPI[0]: apic_id , version 32, address xfec00000, GI 0-23
[   0.0000] ACPI: INT_SRC_OVR (us 0 bu_irq 0 globa_irq 2 dfl dl)
[    0.0000] ACPI INT_SRC_OVR (bus  bus_irq 9 globa_irqq 9 low level)
[   0.0000] Uing ACPI (MADT) for SMP configuration infomatin
[   0.00000] smpboot: Allowing 2 CPUs 0 hotplug PUs[    0.00000] P: Reiserd nosave memory: [mem 0x0000000-000000fff]
[   0.00000] PM: Regstred nosave mmory: [mem 0x009f000-0x0009ffff]
[    0.00000] M: Regstred osave memory [em 0000a0000-0x00efff]
[   0.000000]PM Registerednosave memory: [mem 0x000f00000x000ffff]
    000000] e820:[mem 0x40000000-0xebffff] available fo PI devices
[   0.00000] Booting parvitualized kernl on KVM
[    0.00000] loksouce: refined-jiffies: mask: 0xfffffff max_cyces: 0xffffffff, max_idle_ns: 7645519600211568 ns
[    0.000000] setup_percpu: NR_CPUS:512 nr_cpumask_bits:512 nr_cpu_ids:2 nr_node_ids:1
[    0.000000] PERCPU: Embedded 34 pages/cpu @ffff88003fc00000 s99608 r8192 d31464 u104857
[    0.000000] PV qspinlock hash table entries:256 (order: 0, 4096 bytes)
[    0.000000] Built 1 zonelists in Node order, mobility grouping on.  Total pages: 257912
[    0.000000] Policy zone: DMA32
[    0.000000] Kernel ommand line: BOOT_IMAGE/boo/vmlinz-4.4.0-139-generic root=LBEL=cloudim-rootfs ro cosole=tty1console=ttyS0
[    0.000000] IDhash able entries: 4096 (oder: 3, 32768 bytes
[    000000] Memory: 997708K/1048120K available (8564K kernel coe, 1314K rwdata 4004K rdaa, 1528K init, 1316K bss 50412K reserve, K cma-resrved)
[    0.000000] SLUB: HWalign=64 Order0-3,MinObjects=0,CPUs=2, Node=1
[    .0000] Krnnel/User page tbles isolation: enabled
[    0.000000] Hierarchical RCU implementation.
[    0.000000] 	Build-tim adjusten of laf fanout to 64
    0.00000] 	RCUrettricting CPUs from N_CPUS=52 to nr_cpuids=2.
[   0.000000] RCU: Adjustinggeomtr for rcu_fnout_leaf=64, nr_cu_ids=2
[   0.00000]NR_IQS:33024 nr_irqs:440 16[    0.00000] Console colour VGA+ 80x5
[    0.0000] conol [tty1] enabled
[   0.0000] onsole [ttyS0 ennabld
[   0.000000] tsc: Detected 2793.32MHzprocessor
[    3.799806] Calibrating delay loop (skipped) preset value.. 5587.06 BogoMIPS (lpj=11174128)
[    3.838159] pid_max: default: 32768 minimum: 301
[    3.858599] ACPI: Core revision 20150930
[    3.875409] ACPI: 2 ACPI AML tables successfully acquired and loaded
[    3.898119] Security Framework initialized
[    3.904093] Yama: becoming mindful.
[    3.914783] AppArmor: AppArmor initialized
[    3.929599] Dentry cache hash table entries: 131072 (order: 8, 1048576 bytes)
[    3.936502] Inode-cache hash table entries: 65536 (order: 7, 524288 bytes)
[    3.942542] Mount-cache hash table entries: 2048 (order: 2, 16384 bytes)
[    3.944597] Mountpoint-cache hash table entries: 2048 (order: 2, 16384 bytes)
[    3.947235] Initializing cgroup subsys io
[    3.948661] Initializing cgroup subsys memory
[    3.953958] Initializing cgroup subsys devices
[    3.955402] Initializing cgroup subsys freezer
[    3.956903] Initializing cgroup subsys net_cls
[    3.958661] Initializing cgroup subsys perf_event
[    3.960102] Initializing cgroup subsys net_prio
[    3.961464] Initializing cgroup subsys hugetlb
[    3.962867] Initializing cgroup subsys pids
[    3.965172] mce: CPU supports 0 MCE banks
[    3.970662] Last level iTLB entries: 4KB 1024, 2MB 1024, 4MB 1024
[    3.972610] Last level dTLB entries: 4KB 1024, 2MB 1024, 4MB 1024, 1GB 4
[    3.974631] Spectre V2 : Mitigation: Full generic retpoline
[    3.976357] Spectre V2 : Spectre v2 mitigation: Speculation control IBPB not-supported IBRS not-supported
[    3.979190] Spectre V2 : Spectre v2 / SpectreRSB mitigation: Filling RSB on context switch
[    3.981669] Speculative Store Bypass: Vulnerable
[    3.984924] Freeing SMP alternatives memory: 32K
[    4.009829] ftrace: allocating 32278 entries in 127 pages
[    4.066456] smpboot: APIC(0) Converting physical 0 to logical package 0
[    4.098018] smpboot: Max logical packages: 1
[    4.122241] x2apic enabled
[    4.138040] Switched APIC routing to physical x2apic.
[    4.175190] ..TIMER: vector=0x30 apic1=0 pin1=2 apic2=-1 pin2=-1
[    4.317442] smpboot: CPU0: Intel(R) Core(TM) i7-4980HQ CPU @ 2.80GHz (family: 0x6, model: 0x46, stepping: 0x1)
[    4.374529] Performance Events: unsupported p6 CPU model 70 no PMU driver, software events only.
[    4.418161] KVM setup paravirtual spinlock
[    4.445722] x86: Booting SMP configuration:
[    4.469784] .... node  #0, CPUs:      #1
[    4.497876] kvm-clock: cpu 1, msr 0:3ffe3041, secondary cpu clock
[    4.512619] mce: CPU supports 0 MCE banks
[    4.521247] x86: Booted up 1 node, 2 CPUs
[    4.534754] smpboot: Total of 2 processors activated (11174.12 BogoMIPS)
[    4.563085] devtmpfs: initialized
[    4.575471] evm: security.selinux
[    4.581606] evm: security.SMACK64
[    4.594628] evm: security.SMACK64EXEC
[    4.603668] evm: security.SMACK64TRANSMUTE
[    4.620825] evm: security.SMACK64MMAP
[    4.630729] evm: security.ima
[    4.645005] evm: security.capability
[    4.661139] clocksource: jiffies: mask: 0xffffffff max_cycles: 0xffffffff, max_idle_ns: 7645041785100000 ns
[    4.704903] futex hash table entries: 512 (order: 3, 32768 bytes)
[    4.723779] pinctrl core: initialized pinctrl subsystem
[    4.740830] RTC time: 14:12:04, date: 12/18/18
[    4.760809] NET: Registered protocol family 16
[    4.780803] cpuidle: using governor ladder
[    4.804885] cpuidle: using governor menu
[    4.809663] PCCT header not found.
[    4.828218] ACPI: bus type PCI registered
[    4.840024] acpiphp: ACPI Hot Plug PCI Controller Driver version: 0.5
[    4.857885] PCI: Using configuration type 1 for base access
[    4.897523] ACPI: Added _OSI(Module Device)
[    4.911380] ACPI: Added _OSI(Processor Device)
[    4.920210] ACPI: Added _OSI(3.0 _SCP Extensions)
[    4.933088] ACPI: Added _OSI(Processor Aggregator Device)
[    4.965099] ACPI: Executed 1 blocks of module-level executable AML code
[    4.978047] ACPI: Interpreter enabled
[    4.984695] ACPI: (supports S0 S5)
[    5.000453] ACPI: Using IOAPIC for interrupt routing
[    5.011477] PCI: Using host bridge windows from ACPI; if necessary, use "pci=nocrs" and report a bug
[    5.036018] ACPI: PCI Root Bridge [PCI0] (domain 0000 [bus 00-ff])
[    5.038070] acpi PNP0A03:00: _OSC: OS supports [ASPM ClockPM Segments MSI]
[    5.040122] acpi PNP0A03:00: _OSC: not requesting OS control; OS requires [ExtendedConfig ASPM ClockPM MSI]
[    5.043277] acpi PNP0A03:00: fail to add MMCONFIG information, can't access extended PCI configuration space under this bridge.
[    5.047454] PCI host bridge to bus 0000:00
[    5.048858] pci_bus 0000:00: root bus resource [io  0x0000-0x0cf7 window]
[    5.051032] pci_bus 0000:00: root bus resource [io  0x0d00-0xffff window]
[    5.053197] pci_bus 0000:00: root bus resource [mem 0x000a0000-0x000bffff window]
[    5.055734] pci_bus 0000:00: root bus resource [mem 0x40000000-0xfdffffff window]
[    5.057960] pci_bus 0000:00: root bus resource [bus 00-ff]
[    5.062939] pci 0000:00:01.1: legacy IDE quirk: reg 0x10: [io  0x01f0-0x01f7]
[    5.071852] pci 0000:00:01.1: legacy IDE quirk: reg 0x14: [io  0x03f6]
[    5.075037] pci 0000:00:01.1: legacy IDE quirk: reg 0x18: [io  0x0170-0x0177]
[    5.077254] pci 0000:00:01.1: legacy IDE quirk: reg 0x1c: [io  0x0376]
[    5.103366] pci 0000:00:07.0: quirk: [io  0x4000-0x403f] claimed by PIIX4 ACPI
[    5.117567] pci 0000:00:07.0: quirk: [io  0x4100-0x410f] claimed by PIIX4 SMB
[    5.158532] ACPI: PCI Interrupt Link [LNKA] (IRQs 5 9 10 *11)
[    5.175011] ACPI: PCI Interrupt Link [LNKB] (IRQs 5 9 *10 11)
[    5.202466] ACPI: PCI Interrupt Link [LNKC] (IRQs 5 *9 10 11)
[    5.222458] ACPI: PCI Interrupt Link [LNKD] (IRQs 5 9 10 *11)
[    5.247712] ACPI: Enabled 2 GPEs in block 00 to 07
[    5.267059] vgaarb: setting as boot device: PCI:0000:00:02.0
[    5.294661] vgaarb: device added: PCI:0000:00:02.0,decodes=io+mem,owns=io+mem,locks=none
[    5.319343] vgaarb: loaded
[    5.330065] vgaarb: bridge control possible 0000:00:02.0
[    5.353661] SCSI subsystem initialized
[    5.371214] ACPI: bus type USB registered
[    5.385370] usbcore: registered new interface driver usbfs
[    5.402482] usbcore: registered new interface driver hub
[    5.422977] usbcore: registered new device driver usb
[    5.441127] PCI: Using ACPI for IRQ routing
[    5.457488] NetLabel: Initializing
[    5.474631] NetLabel:  domain hash size = 128
[    5.501128] NetLabel:  protocols = UNLABELED CIPSOv4
[    5.514777] NetLabel:  unlabeled traffic allowed by default
[    5.535356] amd_nb: Cannot enumerate AMD northbridges
[    5.545407] clocksource: Switched to clocksource kvm-clock
[   5.58496] AppArmor: Apprmor Fleystem Enabled
[    .69171] np: Pn API init
[   5.0516] pnp: PnP ACI: found 3 evice

[   5.944456] clocksource: acp_pm: msk: xfffff ma_cycles: xffffff, max_idle_ns: 208571024 ns
[    6.150046] NET: Registered protocol family 2
[    6.151426] TCP established hash table entries: 8192 (order: 4, 65536 bytes)
[    6.153637] TCP bind hash table entries: 8192 (order: 5, 131072 bytes)
[    6.155535] TCP: Hash tables configured (established 8192 bind 8192)
[    6.157470] UDP hash table entries: 512 (order: 2, 16384 bytes)
[    6.159206] UDP-Lite hash table entries: 512 (order 2, 138 byts)
[    6.2662] NE: Reisteredprotocol famil 1
[    6.417765] pci 0000:000.0:Limiing irct PCI/PCI tranfers
[    6.5843] pci 000:0:01.0:Acivting IS DMA han workaounds
[    6.78039] npackig initramfs...

[    7.029045] Freeing initrd memory: 14796K
[    7.050449] platform rtc_cmos: registered platform RTC device (no PNP device found)
[    7.090295] Scanning for low memory corruption every 60 seconds
[    7.114894] audit: initializing netlink subsys (disabled)
[    7.130128] audit: type=2000 audit(1545142327.472:1): initialized
[    7.150675] Initialise system trusted keyring
[    7.184297] HugeTLB registered 2 MB page size, pre-allocated 0 pages
[    7.212948] zbud: loaded
[    7.220214] VFS: Disk quotas dquot_6.6.0
[    7.230503] VFS: Dquot-cache hash table entries: 512 (order 0, 4096 bytes)
[    7.234748] squashfs: version 4.0 (2009/01/31) Phillip Lougher
[    7.237037] fuse init (API version 7.23)
[    7.238645] Key type big_key registered
[    7.239838] Allocating IMA MOK and blacklist keyrings.
[    7.243869] Key type asymmetric registered
[    7.246940] Asymmetric key parser 'x509' registered
[    7.248620] Block layer SCSI generic (bsg) driver version 0.4 loaded (major 249)
[    7.251182] io scheduler noop registered
[    7.252428] io scheduler deadline registered (default)
[    7.254178] io scheduler cfq registered
[    7.255491] pci_hotplug: PCI Hot Plug PCI Core version: 0.5
[    7.257138] pciehp: PCI Express Hot Plug Controller Driver version: 0.4
[    7.259322] ACPI: AC Adapter [AC] (on-line)
[    7.260750] input: Power Button as /devices/LNXSYSTM:00/LNXPWRBN:00/input/input0
[    7.263093] ACPI: Power Button [PWRF]
[    7.264416] input: Sleep Button as /devices/LNXSYSTM:00/LNXSLPBN:00/input/input1
[    7.266860] ACPI: Sleep Button [SLPF]
[    7.269528] GHES: HEST is not enabled!
[    7.271095] Serial: 8250/16550 driver, 32 ports, IRQ sharing enabled
[    7.298083] 00:02: ttyS0 at I/O 0x3f8 (irq = 4, base_baud = 115200) is a 16550A
[    7.298157] ACPI: Battery Slot [BAT0] (battery present)
[    7.370139] Linux agpgart interface v0.103
[    7.401224] loop: module loaded
[    7.416135] scsi host0: ata_piix
[    7.432166] scsi host1: ata_piix
[    7.443926] ata1: PATA max UDMA/33 cmd 0x1f0 ctl 0x3f6 bmdma 0xd000 irq 14
[    7.533578] ata2: PATA max UDMA/33 cmd 0x170 ctl 0x376 bmdma 0xd008 irq 15
[    7.582429] libphy: Fixed MDIO Bus: probed
[    7.608312] tun: Universal TUN/TAP device driver, 1.6
[    7.638069] tun: (C) 1999-2004 Max Krasnyansky <maxk@qualcomm.com>
[    7.673437] PPP generic driver version 2.4.2
[    7.696340] ehci_hcd: USB 2.0 'Enhanced' Host Controller (EHCI) Driver
[    7.748504] ehci-pci: EHCI PCI platform driver
[    7.775019] ehci-platform: EHCI generic platform driver
[    7.813835] ohci_hcd: USB 1.1 'Open' Host Controller (OHCI) Driver
[    7.853704] ohci-pci: OHCI PCI platform driver
[    7.888361] ohci-platform: OHCI generic platform driver
[    7.899193] uhci_hcd: USB Universal Host Controller Interface driver
[    7.918404] i8042: PNP: PS/2 Controller [PNP0303:PS2K,PNP0f03:PS2M] at 0x60,0x64 irq 1,12
[    7.953950] serio: i8042 KBD port at 0x60,0x64 irq 1
[    7.993334] serio: i8042 AUX port at 0x60,0x64 irq 12
[    8.027505] mousedev: PS/2 mouse device common for all mice
[    8.049522] tsc: Refined TSC clocksource calibration: 2791.879 MHz
[    8.049525] clocksource: tsc: mask: 0xffffffffffffffff max_cycles: 0x283e48fe4b0, max_idle_ns: 440795219946 ns
[    8.129026] rtc_cmos rtc_cmos: rtc core: registered rtc_cmos as rtc0
[    8.153849] rtc_cmos rtc_cmos: alarms up to one day, 114 bytes nvram
[    8.194098] input: AT Translated Set 2 keyboard as /devices/platform/i8042/serio0/input/input2
[    8.234115] i2c /dev entries driver
[    8.248361] device-mapper: uevent: version 1.0.3
[    8.282300] device-mapper: ioctl: 4.34.0-ioctl (2015-10-28) initialised: dm-devel@redhat.com
[    8.310889] ledtrig-cpu: registered to indicate activity on CPUs
[    8.332621] NET: Registered protocol family 10
[    8.334542] NET: Registered protocol family 17
[    8.336188] Key type dns_resolver registered
[    8.338378] registered taskstats version 1
[    8.339675] Loading compiled-in X.509 certificates
[    8.341583] Loaded X.509 cert 'Build time autogenerated kernel key: a88b0f663ecfd40e6a501dee2f0b211d51902e35'
[    8.344769] zswap: loaded using pool lzo/zbud
[    8.348211] Key type trusted registered
[    8.352603] Key type encrypted registered
[    8.354003] AppArmor: AppArmor sha1 policy hashing enabled
[    8.355702] ima: No TPM chip found, activating TPM-bypass!
[    8.357360] ima: Allocated hash algorithm: sha1
[    8.358912] evm: HMAC attrs: 0x1
[    8.360478]   Magic number: 14:43:233
[    8.361737] rtc_cmos rtc_cmos: setting system clock to 2018-12-18 14:12:08 UTC (1545142328)
[    8.366054] BIOS EDD facility v0.16 2004-Jun-25, 0 devices found
[    8.368012] EDD information not available.
[    8.370695] Freeing unused kernel memory: 1528K
[    8.381634] Write protecting the kernel read-only data: 14336k
[    8.383819] Freeing unused kernel memory: 1664K
[    8.385236] Freeing unused kernel memory: 92K
Loading, please wait...
starting version[    8.399508] random: systemd-udevd: uninitialized urandom read (16 bytes read, 2 bits of entropy available)
 229
[    8.399689] random: udevadm: uninitialized urandom read (16 bytes read, 2 bits of entropy available)
[    8.399705] random: udevadm: uninitialized urandom read (16 bytes read, 2 bits of entropy available)
[    8.405748] random: udevadm: uninitialized urandom read (16 bytes read, 2 bits of entropy available)
[    8.405778] random: udevadm: uninitialized urandom read (16 bytes read, 2 bits of entropy available)
[    8.405872] random: udevadm: uninitialized urandom read (16 bytes read, 2 bits of entropy available)
[    8.405906] random: udevadm: uninitialized urandom read (16 bytes read, 2 bits of entropy available)
[    8.405940] random: udevadm: uninitialized urandom read (16 bytes read, 2 bits of entropy available)
[    8.405975] random: udevadm: uninitialized urandom read (16 bytes read, 2 bits of entropy available)
[    8.406008] random: udevadm: uninitialized urandom read (16 bytes read, 2 bits of entropy available)
[    8.813079] e1000: Intel(R) PRO/1000 Network Driver - version 7.3.21-k8-NAPI
[    8.819431] e1000: Copyright (c) 1999-2006 Intel Corporation.
[    8.821542] Fusion MPT base driver 3.04.20
[    8.830138] Copyright (c) 1999-2008 LSI Corporation
[    8.855596] AVX2 version of gcm_enc/dec engaged.
[    8.862648] AES CTR mode by8 optimization enabled
[    8.879016] Fusion MPT SPI Host driver 3.04.20
[    9.081304] input: ImExPS/2 Generic Explorer Mouse as /devices/platform/i8042/serio1/input/input4
[    9.247480] e1000 0000:00:03.0 eth0: (PCI:33MHz:32-bit) 02:98:04:f8:6e:63
[    9.733889] e1000 0000:00:03.0 eth0: Intel(R) PRO/1000 Network Connection
[    9.755924] mptbase: ioc0: Initiating bringup
[    9.854130] ioc0: LSI53C1030 A0: Capabilities={Initiator}
[   10.176037] scsi host2: ioc0: LSI53C1030 A0, FwRev=00000000h, Ports=1, MaxQ=256, IRQ=20
[   11.041843] scsi 2:0:0:0: Direct-Access     VBOX     HARDDISK         1.0  PQ: 0 ANSI: 5
[   11.247410] scsi target2:0:0: Beginning Domain Validation
[   11.267462] scsi target2:0:0: Domain Validation skipping write tests
[   11.286379] scsi target2:0:0: Ending Domain Validation
[   11.312155] scsi target2:0:0: asynchronous
[   11.325676] scsi 2:0:1:0: Direct-Access     VBOX     HARDDISK         1.0  PQ: 0 ANSI: 5
[   11.340422] scsi target2:0:1: Beginning Domain Validation
[   11.354491] scsi target2:0:1: Domain Validation skipping write tests
[   11.356177] scsi target2:0:1: Ending Domain Validation
[   11.358752] scsi target2:0:1: asynchronous
[   11.390326] sd 2:0:0:0: Attached scsi generic sg0 type 0
[   11.401310] sd 2:0:0:0: [sda] 20971520 512-byte logical blocks: (10.7 GB/10.0 GiB)
[   11.425731] sd 2:0:1:0: [sdb] 20480 512-byte logical blocks: (10.5 MB/10.0 MiB)
[   11.444391] sd 2:0:1:0: Attached scsi generic sg1 type 0
[   11.453928] sd 2:0:1:0: [sdb] Write Protect is off
[   11.462411] sd 2:0:0:0: [sda] Write Protect is off
[   11.467865] sd 2:0:0:0: [sda] Incomplete mode parameter data
[   11.471646] sd 2:0:0:0: [sda] Assuming drive cache: write through
[   11.484889] sd 2:0:1:0: [sdb] Incomplete mode parameter data
[   11.484890] sd 2:0:1:0: [sdb] Assuming drive cache: write through
[   11.527870]  sda: sda1
[   11.533565] sd 2:0:0:0: [sda] Attached SCSI disk
[   11.546984] sd 2:0:1:0: [sdb] Attached SCSI disk
[   11.694034] e1000 0000:00:08.0 eth1: (PCI:33MHz:32-bit) 08:00:27:21:1d:ac
[   11.698373] e1000 0000:00:08.0 eth1: Intel(R) PRO/1000 Network Connection
[   11.704201] e1000 0000:00:03.0 enp0s3: renamed from eth0
[   11.721762] e1000 0000:00:08.0 enp0s8: renamed from eth1
Begin: Loading e[   12.977856] md: linear personality registered for level -1
ssential drivers ... [   13.009908] md: multipath personality registered for level -4
[   13.053292] md: raid0 personality registered for level 0
[   13.081423] md: raid1 personality registered for level 1
[   13.177438] raid6: sse2x1   gen() 11677 MB/s
[   13.276611] raid6: sse2x1   xor()  9656 MB/s
[   13.350041] raid6: sse2x2   gen() 14907 MB/s
[   13.437914] raid6: sse2x2   xor()  9916 MB/s
[   13.519385] raid6: sse2x4   gen() 18636 MB/s
[   13.597837] raid6: sse2x4   xor() 11905 MB/s
[   13.674173] raid6: avx2x1   gen() 22766 MB/s
[   13.745688] raid6: avx2x2   gen() 26627 MB/s
[   13.841516] raid6: avx2x4   gen() 29328 MB/s
[   13.842949] raid6: using algorithm avx2x4 gen() 29328 MB/s
[   13.844531] raid6: using avx2x2 recovery algorithm
[   13.847572] xor: automatically using best checksumming function:
[   13.889907]    avx       : 33194.000 MB/sec
[   13.915921] async_tx: api initialized (async)
[   13.929703] md: raid6 personality registered for level 6
[   13.948006] md: raid5 personality registered for level 5
[   13.974009] md: raid4 personality registered for level 4
[   14.008873] md: raid10 personality registered for level 10
done.
Begin: Running /scripts/init-premount ... done.
Begin: Mounting root file system ... Beg[   14.050247] Btrfs loaded
in: Running /scripts/local-top ... done.
Begin: Running /scripts/local-premount ... Scanning for Btrfs filesystems
done.
Warning: fsck not present, so sk[   14.094532] EXT4-fs (sda1): mounted filesystem with ordered data mode. Opts: (null)
ipping root file system
done.
Begin: Running /scripts/local-bottom ... done.
Begin: Running /scripts/init-bottom ... done.
[   14.244859] systemd[1]: systemd 229 running in system mode. (+PAM +AUDIT +SELINUX +IMA +APPARMOR +SMACK +SYSVINIT +UTMP +LIBCRYPTSETUP +GCRYPT +GNUTLS +ACL +XZ -LZ4 +SECCOMP +BLKID +ELFUTILS +KMOD -IDN)
[   14.314938] systemd[1]: Detected virtualization oracle.
[   14.334225] systemd[1]: Detected architecture x86-64.

Welcome to [1mUbuntu 16.04.5 LTS[0m!

[   14.3789] systmd[1: Set hostname to <ubunt-xenial>.
[   14.830789] systemd[1]: Listening on LVM2 metadata daemon socket.
[[0;32m  OK  [0m] Listening on LVM2 metadata daemon socket.
[   14.834920] systemd[1]: Listening on udev Control Socket.
[[0;32m  OK  [0m] Listening on udev Control Socket.
[   14.838602] systemd[1]: Started Trigger resolvconf update for networkd DNS.
[[0;32m  OK  [0m] Started Trigger resolvconf update for networkd DNS.
[  1.06688] systemd[1]: Set up automount Arbitrary Executable File Formats ile SysemAutoount Point
[[0;32m  OK  [0m] Set up automount Arbitrary Executab...ats File System Automount Point.
[   15.795401] systemd[1]: Reahed taret Encrypted olumes.
[[0;32m  OK  [0m] Reached target Encrypted Volumes.
[   16.050178] systemd[1]: Listening on LVM2 poll daemon socket.
[[0;32m  OK  [0m] Listening on LVM2 poll daemon socket.
[   16.055368] systemd[1]: Created slice System Slice.
[[0;32m  OK  [0m] Created slice System Slice.
[   16.059763] systemd[1]: Listening on Device-mapper event daemon FIFOs.
[[0;32m  OK  [0m] Listening on Device-mapper event daemon FIFOs.
[   16.064698] systemd[1]: Reached target User and Group Name Lookups.
[[0;32m  OK  [0m] Reached target User and Group Name Lookups.
[   16.069713] systemd[1]: Reached target System Time Synchronized.
[[0;32m  OK  [0m] Reached target System Time Synchronized.
[   16.074540] systemd[1]: Crated slice Use ad Session Slice.
[[0;32m  OK  [0m] Created slice User and Session Slice.
[   16.789925] systemd[1]: Listening on Journal Audit Socket.
[[0;32m  OK  [0m] Listening on Journal Audit Socket.
[   16.26039] sytemd1]: Reachedtargt Swap.
[[0;32m  OK  [0m] Reached target Swap.
[   1.06733] sysemd[1]: Created slice system-serial\x2dgetty.slice.
[[0;32m  OK  [0m] Created slice system-serial\x2dgetty.slice.
[   17.151802] systemd[1]: Listening on Syslog Socket.
[[0;32m  OK  [0m] Listening on Syslog Socket.
[   17.155741] systemd[1]: Listening on udev Kernel Socket.
[[0;32m  OK  [0m] Listening on udev Kernel Socket.
[   17.161067] systemd[1]: Listening on Journal Socket.
[[0;32m  OK  [0m] Listening on Journal Socket.
[   17.182195] systemd[1]: Mounting Debug File System...
         Mounting Debug File System...
[   17.210969] systemd[1]: Starting Monitoring of LVM2 mirrors, snapshots etc. using dmeventd or progress polling...
         Starting Monitoring of LVM2 mirrors... dmeventd or progress polling...
[   17.231685] systemd[1]: Starting Load Kernel Modules...
[   17.246132] Loading iSCSI transort lass v2.0-870.

         Starting Load Kernel Modules...
[   17.310506] systemd[1]: Starting Create list of required static device nodes for the current kernel...
         Starting Create [   17.340526] iscsi: registered transport (tcp)
list of required st... nodes for the current kernel...
[   17.383591] iscsi: registered transport (iser)
[   17.398427] systemd[1]: Starting Uncomplicaed fireall...

         Starting Uncomplicated firewall...
[   17.460057] systemd[1]: Mounting POSIX Message Queue File System...
         Mounting POSIX Message Queue File System...
[   17.522378] systemd[1]: Starting Remount Root and Kernel File Systems...
         Starting Remount[   17.556005] EXT4-fs (sda1): re-mounted. Opts: (null)
 Root and Kernel File Systems...
[   17.580882] systemd[1]: Starting Set console keymap...
[   17.598827] random: nonblocking pool is initialized
         Starting Set console keymap...
[   17.645663] systemd[1]: Mounting Huge Pages File System...
         Mounting Huge Pages File System...
[   17.675641] systemd[1]: Started Forward Password Requests to Wall Directory Watch.
[[0;32m  OK  [0m] Started Forward Password Requests to Wall Directory Watch.
[   17.725289] systemd[1]: Reachedtarget Slices.
[[0;32m  OK  [0m] Reached target Slices.
[   17.803104] systemd[1]: Listening on/dev/initctl ompatiility amedPipe

[[0;32m  OK  [0m] Listening on /dev/initctl Compatibility Named Pipe.
[   17.966101] systemd[1]: Starting Nameserver information manager...
         Starting Nameserver information manager...
[   17.986802] systemd[1]: Listeing onJournal Socket (/ev/log.

[[0;32m  OK  [0m] Listening on Journal Socket (/dev/log).
[   18.133899] systemd[1]: Starting Journal Service...
         Starting Journal Service...
[   18.158676] systemd[1]: Mounted Huge Pages File System.
[[0;32m  OK  [0m] Mounted Huge Pages File System.
[   18.192634] systemd[1]: Mounted POSIX Message Queue File System.
[[0;32m  OK  [0m] Mounted POSIX Message Queue File System.
[   18.237839] systemd[1]: Mounted Debg File System.

[[0;32m  OK  [0m] Mounted Debug File System.
[   18.263951] systemd[1]: Started Journal Service.
[[0;32m  OK  [0m] Started Journal Service.
[[0;32m  OK  [0m] Started Load Kernel Modules.
[[0;32m  OK  [0m] Started Create list of required sta...ce nodes for the current kernel.
[[0;32m  OK  [0m] Started Uncomplicated firewall.
[[0;32m  OK  [0m] Started Remount Root and Kernel File Systems.
[[0;32m  OK  [0m] Started Set console keymap.
[[0;32m  OK  [0m] Started Nameserver information manager.
[[0;32m  OK  [0m] Started LVM2 metadata daemon.
         Starting udev Coldplug all Devices...
         Starting Load/Save Random Seed...
         Starting Create Static Device Nodes in /dev...
         Mounting FUSE Control File System...
         Starting Apply Kernel Variables...
         Starting Flush Journal to Persistent Storage...
[[0;32m  OK  [0m] Mounted FUSE Control File System.
[[0;32m  OK  [0m] Started Load/Save Random Seed.
[[0;32m  OK  [0m] Started Create Static Device Nodes in /dev.
[[0;32m  OK  [0m] Started Apply Kernel Variables.
[[0;32m  OK  [0m] Started udev Coldplug all Devices.
         Starting udev Kernel Device Manager...
[[0;32m  OK  [0m] Started Flush Journal to Persistent Storage.
[[0;32m  OK  [0m] Started udev Kernel Device Manager.
[[0;32m  OK  [0m] Started Dispatch Password Requests to Console Directory Watch.
[[0;32m  OK  [0m] Found device /dev/ttyS0.
[[0;32m  OK  [0m] Listening on Load/Save RF Kill Switch Status /dev/rfkill Watch.
[[0;32m  OK  [0m] Found device 82540EM Gigabit Ethern...r (PRO/1000 MT Desktop Adapter).
[[0;32m  OK  [0m] Started Monitoring of LVM2 mirrors,...ng dmeventd or progress polling.
[[0;32m  OK  [0m] Found device 82540EM Gigabit Ethern...r (PRO/1000 MT Desktop Adapter).
[[0;32m  OK  [0m] Reached target Local File Systems (Pre).
[[0;32m  OK  [0m] Reached target Local File Systems.
         Starting Create Volatile Files and Directories...
         Starting Initial cloud-init job (pre-networking)...
         Starting Tell Plymouth To Write Out Runtime Data...
         Starting LSB: AppArmor initialization...
         Starting Set console font and keymap...
[[0;32m  OK  [0m] Started Create Volatile Files and Directories.
[[0;32m  OK  [0m] Started Tell Plymouth To Write Out Runtime Data.
         Starting Update UTMP about System Boot/Shutdown...
[[0;32m  OK  [0m] Started Update UTMP about System Boot/Shutdown.
[[0;32m  OK  [0m] Started LSB: AppArmor initialization.
[[0;32m  OK  [0m] Started Set console font and keymap.
[[0;32m  OK  [0m] Created slice system-getty.slice.
[   14.909258] cloud-init[629]: Cloud-init v. 18.4-0ubuntu1~16.04.2 running 'init-local' at Tue, 18 Dec 2018 14:12:19 +0000. Up 14.71 seconds.
[[0;32m  OK  [0m] Started Initial cloud-init job (pre-networking).
[[0;32m  OK  [0m] Reached target Network (Pre).
[[0;32m  OK  [0m] Started ifup for enp0s8.
         Starting Raise network interfaces...
[[0;32m  OK  [0m] Started ifup for enp0s3.
[[0;32m  OK  [0m] Started Raise network interfaces.
[[0;32m  OK  [0m] Reached target Network.
         Starting Initial cloud-init job (metadata service crawler)...
[   15.621893] cloud-init[1056]: Cloud-init v. 18.4-0ubuntu1~16.04.2 running 'init' at Tue, 18 Dec 2018 14:12:20 +0000. Up 15.41 seconds.
[[0;32m  OK  [0m] Started Initial cloud-init job (metadata service crawler).
[   15.683136] cloud-init[1056]: ci-info: ++++++++++++++++++++++++++++++++++++++Net device info+++++++++++++++++++++++++++++++++++++++
[   15.745323] cloud-init[1056]: ci-info: +--------+------+-----------------------------+---------------+--------+-------------------+
[   15.816221] cloud-init[1056]: ci-info: | Device |  Up  |           Address           |      Mask     | Scope  |     Hw-Address    |
[   15.816696] cloud-init[1056]: ci-info: +--------+------+-----------------------------+---------------+--------+-------------------+
[   15.816733] cloud-init[1056]: ci-info: | enp0s3 | True |          10.0.2.15          | 255.255.255.0 | global | 02:98:04:f8:6e:63 |
[   15.816766] cloud-init[1056]: ci-info: | enp0s3 | True |  fe80::98:4ff:fef8:6e63/64  |       .       |  link  | 02:98:04:f8:6e:63 |
[   15.816797] cloud-init[1056]: ci-info: | enp0s8 | True |        192.168.10.100       | 255.255.255.0 | global | 08:00:27:21:1d:ac |
[   15.816838] cloud-init[1056]: ci-info: | enp0s8 | True | fe80::a00:27ff:fe21:1dac/64 |       .       |  link  | 08:00:27:21:1d:ac |
[   15.816870] cloud-init[1056]: ci-info: |   lo   | True |          127.0.0.1          |   255.0.0.0   |  host  |         .         |
[   15.816902] cloud-init[1056]: ci-info: |   lo   | True |           ::1/128           |       .       |  host  |         .         |
[   15.816934] cloud-init[1056]: ci-info: +--------+------+-----------------------------+---------------+--------+-------------------+
[   15.816966] cloud-init[1056]: ci-info: ++++++++++++++++++++++++++++Route IPv4 info++++++++++++++++++++++++++++
[   15.816999] cloud-init[1056]: ci-info: +-------+--------------+----------+---------------+-----------+-------+
[   15.817031] cloud-init[1056]: ci-info: | Route | Destination  | Gateway  |    Genmask    | Interface | Flags |
[   15.817062] cloud-init[1056]: ci-info: +-------+--------------+----------+---------------+-----------+-------+
[   15.817094] cloud-init[1056]: ci-info: |   0   |   0.0.0.0    | 10.0.2.2 |    0.0.0.0    |   enp0s3  |   UG  |
[   15.817127] cloud-init[1056]: ci-info: |   1   |   10.0.2.0   | 0.0.0.0  | 255.255.255.0 |   enp0s3  |   U   |
[   15.817160] cloud-init[1056]: ci-info: |   2   | 192.168.10.0 | 0.0.0.0  | 255.255.255.0 |   enp0s8  |   U   |
[   15.817192] cloud-init[1056]: ci-info: +-------+--------------+----------+---------------+-----------+-------+
[   15.817223] cloud-init[1056]: ci-info: +++++++++++++++++++Route IPv6 info+++++++++++++++++++
[   15.817254] cloud-init[1056]: ci-info: +-------+-------------+---------+-----------+-------+
[   15.817301] cloud-init[1056]: ci-info: | Route | Destination | Gateway | Interface | Flags |
[   15.817336] cloud-init[1056]: ci-info: +-------+-------------+---------+-----------+-------+
[   15.817367] cloud-init[1056]: ci-info: |   0   |  fe80::/64  |    ::   |   enp0s8  |   U   |
[   15.817399] cloud-init[1056]: ci-info: |   1   |  fe80::/64  |    ::   |   enp0s3  |   U   |
[   15.817433] cloud-init[1056]: ci-info: |   4   |   ff00::/8  |    ::   |   enp0s8  |   U   |
[   15.817464] cloud-init[1056]: ci-info: |   5   |   ff00::/8  |    ::   |   enp0s3  |   U   |
[   15.817496] cloud-init[1056]: ci-info: +-------+-------------+---------+-----------+-------+
[[0;32m  OK  [0m] Reached target Network is Online.
         Starting iSCSI initiator daemon (iscsid)...
[[0;32m  OK  [0m] Reached target Cloud-config availability.
[[0;32m  OK  [0m] Reached target System Initialization.
[[0;32m  OK  [0m] Started ACPI Events Check.
[[0;32m  OK  [0m] Reached target Paths.
[[0;32m  OK  [0m] Started Daily apt download activities.
         Starting LXD - unix socket.
[[0;32m  OK  [0m] Listening on D-Bus System Message Bus Socket.
[[0;32m  OK  [0m] Listening on ACPID Listen Socket.
[[0;32m  OK  [0m] Started Daily apt upgrade and clean activities.
[[0;32m  OK  [0m] Listening on UUID daemon activation socket.
[[0;32m  OK  [0m] Started Daily Cleanup of Temporary Directories.
[[0;32m  OK  [0m] Reached target Timers.
         Starting Socket activation for snappy daemon.
[[0;32m  OK  [0m] Listening on LXD - unix socket.
[[0;32m  OK  [0m] Listening on Socket activation for snappy daemon.
[[0;32m  OK  [0m] Started iSCSI initiator daemon (iscsid).
         Starting Login to default iSCSI targets...
[[0;32m  OK  [0m] Reached target Sockets.
[[0;32m  OK  [0m] Reached target Basic System.
         Starting Virtualbox guest utils...
[[0;32m  OK  [0m] Started ACPI event daemon.
[[0;32m  OK  [0m] Started D-Bus System Message Bus.
[[0;32m  OK  [0m] Started Unattended Upgrades Shutdown.
[[0;32m  OK  [0m] Started Deferred execution scheduler.
         Starting LSB: Record successful boot for GRUB...
[[0;32m  OK  [0m] Started Regular background program processing daemon.
         Starting Login Service...
[[0;32m  OK  [0m] Started FUSE filesystem for LXC.
         Starting Accounts Service...
         Starting LSB: MD monitoring daemon...
         Starting System Logging Service...
         Starting A high performance web server and a reverse proxy server...
         Starting OpenBSD Secure Shell server...
         Starting Snappy daemon...
         Starting /etc/rc.local Compatibility...
         Starting LXD - container startup/shutdown...
[[0;32m  OK  [0m] Started System Logging Service.
[[0;32m  OK  [0m] Started /etc/rc.local Compatibility.
[[0;32m  OK  [0m] Started OpenBSD Secure Shell server.
[[0;32m  OK  [0m] Started LSB: Record successful boot for GRUB.
[[0;32m  OK  [0m] Started Login to default iSCSI targets.
[[0;32m  OK  [0m] Started LSB: MD monitoring daemon.
[[0;32m  OK  [0m] Started A high performance web server and a reverse proxy server.
[[0;32m  OK  [0m] Started LXD - container startup/shutdown.
[[0;32m  OK  [0m] Started Virtualbox guest utils.
[[0;32m  OK  [0m] Started Login Service.
         Starting Authenticate and Authorize Users to Run Privileged Tasks...
[[0;32m  OK  [0m] Reached target Remote File Systems (Pre).
[[0;32m  OK  [0m] Reached target Remote File Systems.
         Starting LSB: daemon to balance interrupts for SMP systems...
         Starting LSB: automatic crash report generation...
         Starting LSB: Set the CPU Frequency Scaling governor to "ondemand"...
         Starting Permit User Sessions...
[[0;32m  OK  [0m] Started Snappy daemon.
[[0;32m  OK  [0m] Started Permit User Sessions.
[[0;32m  OK  [0m] Started Authenticate and Authorize Users to Run Privileged Tasks.
[[0;32m  OK  [0m] Started Accounts Service.
         Starting Terminate Plymouth Boot Screen...
         Starting Hold until boot process finishes up...
         Starting Wait until snapd is fully seeded...
[[0;32m  OK  [0m] Started LSB: daemon to balance interrupts for SMP systems.
[[0;32m  OK  [0m] Started LSB: automatic crash report generation.
[[0;32m  OK  [0m] Started LSB: Set the CPU Frequency Scaling governor to "ondemand".
[[0;32m  OK  [0m] Started Terminate Plymouth Boot Screen.
[[0;32m  OK  [0m] Started Hold until boot process finishes up.
[[0;32m  OK  [0m] Started Wait until snapd is fully seeded.
         Starting Apply the settings specified in cloud-config...
[[0;32m  OK  [0m] Started Getty on tty1.
[[0;32m  OK  [0m] Started Serial Getty on ttyS0.
[[0;32m  OK  [0m] Reached target Login Prompts.
         Starting Set console scheme...
[[0;32m  OK  [0m] Reached target Multi-User System.
[[0;32m  OK  [0m] Reached target Graphical Interface.
         Starting Update UTMP about System Runlevel Changes...
[[0;32m  OK  [0m] Started Set console scheme.
[[0;32m  OK  [0m] Started Update UTMP about System Runlevel Changes.
[   18.614515] cloud-init[1298]: Cloud-init v. 18.4-0ubuntu1~16.04.2 running 'modules:config' at Tue, 18 Dec 2018 14:12:23 +0000. Up 18.54 seconds.
[[0;32m  OK  [0m] Started Apply the settings specified in cloud-config.
         Starting Execute cloud user/final scripts...
[   19.072245] cloud-init[1317]: Cloud-init v. 18.4-0ubuntu1~16.04.2 running 'modules:final' at Tue, 18 Dec 2018 14:12:24 +0000. Up 18.99 seconds.
[   19.124763] cloud-init[1317]: Cloud-init v. 18.4-0ubuntu1~16.04.2 finished at Tue, 18 Dec 2018 14:12:24 +0000. Datasource DataSourceNoCloud [seed=/dev/sdb][dsmode=net].  Up 19.06 seconds
[[0;32m  OK  [0m] Started Execute cloud user/final scripts.
[[0;32m  OK  [0m] Reached target Cloud-init target.

Ubuntu 16.04.5 LTS ubuntu-xenial ttyS0

ubuntu-xenial login: 